<?xml version="1.0" encoding="UTF-8"?>
<!-- Generated by org.testng.reporters.JUnitReportReporter -->
<testsuite hostname="DESKTOP-OTVCISA" failures="0" tests="1" name="com.runner.LoginRunner" time="0.192" errors="0" timestamp="20 Dec 2023 01:14:17 GMT" skipped="0">
  <testcase classname="com.runner.LoginRunner" name="runScenario" time="0.192"/>
</testsuite> <!-- com.runner.LoginRunner -->
