<?xml version="1.0" encoding="UTF-8"?>
<!-- Generated by org.testng.reporters.JUnitReportReporter -->
<testsuite hostname="DESKTOP-OTVCISA" failures="0" tests="2" name="com.runner.RunnerTestSuite" time="0.143" errors="0" timestamp="18 Dec 2023 00:05:10 GMT" skipped="0">
  <testcase classname="com.runner.RunnerTestSuite" name="runScenario" time="0.015"/>
  <testcase classname="com.runner.RunnerTestSuite" name="runScenario" time="0.128"/>
</testsuite> <!-- com.runner.RunnerTestSuite -->
