<?xml version="1.0" encoding="UTF-8"?>
<!-- Generated by org.testng.reporters.JUnitReportReporter -->
<testsuite hostname="DESKTOP-OTVCISA" failures="0" tests="1" name="com.runner.LogoutRunner" time="0.023" errors="0" timestamp="18 Dec 2023 00:11:50 GMT" skipped="0">
  <testcase classname="com.runner.LogoutRunner" name="runScenario" time="0.023"/>
</testsuite> <!-- com.runner.LogoutRunner -->
