<?xml version="1.0" encoding="UTF-8"?>
<!-- Generated by org.testng.reporters.JUnitReportReporter -->
<testsuite hostname="DESKTOP-OTVCISA" failures="0" tests="1" name="com.runner.LoginRunner" time="0.152" errors="0" timestamp="09 Jan 2024 21:57:28 GMT" skipped="0">
  <testcase classname="com.runner.LoginRunner" name="runScenario" time="0.152"/>
</testsuite> <!-- com.runner.LoginRunner -->
